<?xml version="1.0" encoding="UTF-8"?>
<!-- Generated by org.testng.reporters.JUnitReportReporter -->
<testsuite hostname="DESKTOP-SF8P2VJ" failures="0" tests="1" name="com.DeviceTesting.DeviceTest" time="2.691" errors="0" timestamp="2021-08-29T10:29:03 EEST" skipped="0">
  <testcase classname="com.DeviceTesting.DeviceTest" name="getAllInterfacesTest" time="2.691"/>
  <system-out/>
</testsuite> <!-- com.DeviceTesting.DeviceTest -->
