<?xml version="1.0" encoding="UTF-8"?>
<!-- Generated by org.testng.reporters.JUnitReportReporter -->
<testsuite hostname="DESKTOP-SF8P2VJ" failures="0" tests="1" name="com.DeviceTesting.DeviceTest" time="16.434" errors="0" timestamp="2021-08-26T12:16:26 EEST" skipped="0">
  <testcase classname="com.DeviceTesting.DeviceTest" name="getAllInterfacesTest" time="16.434"/>
  <system-out/>
</testsuite> <!-- com.DeviceTesting.DeviceTest -->
