<?xml version="1.0" encoding="UTF-8"?>
<!-- Generated by org.testng.reporters.JUnitReportReporter -->
<testsuite hostname="DESKTOP-SF8P2VJ" failures="0" tests="1" name="exalt.Hello.DeviceTest" time="2.587" errors="0" timestamp="2021-08-26T12:12:32 EEST" skipped="0">
  <testcase classname="exalt.Hello.DeviceTest" name="getAllInterfacesTest" time="2.587"/>
  <system-out/>
</testsuite> <!-- exalt.Hello.DeviceTest -->
